lib/build/outputs/logs/manifest-merger-debug-report.txt
-- Merging decision tree log ---
manifest
ADDED from GaragePool1/lib/AndroidManifest.xml:1:1-8:12
INJECTED from GaragePool1/lib/AndroidManifest.xml:1:1-8:12
INJECTED from GaragePool1/lib/AndroidManifest.xml:1:1-8:12
INJECTED from GaragePool1/lib/AndroidManifest.xml:1:1-8:12
INJECTED from GaragePool1/lib/AndroidManifest.xml:1:1-8:12
INJECTED from GaragePool1/lib/AndroidManifest.xml:1:1-8:12
INJECTED from GaragePool1/lib/AndroidManifest.xml:1:1-8:12
	package
		ADDED from GaragePool1/lib/AndroidManifest.xml:2:5-37
		INJECTED from GaragePool1/lib/AndroidManifest.xml
		INJECTED from GaragePool1/lib/AndroidManifest.xml
	android:versionName
		ADDED from GaragePool1/lib/AndroidManifest.xml:4:5-30
		INJECTED from GaragePool1/lib/AndroidManifest.xml
		INJECTED from GaragePool1/lib/AndroidManifest.xml
	xmlns:android
		ADDED from GaragePool1/lib/AndroidManifest.xml:1:11-69
	android:versionCode
		ADDED from GaragePool1/lib/AndroidManifest.xml:3:5-28
		INJECTED from GaragePool1/lib/AndroidManifest.xml
		INJECTED from GaragePool1/lib/AndroidManifest.xml
application
ADDED from GaragePool1/lib/AndroidManifest.xml:6:5-20
uses-sdk
INJECTED from GaragePool1/lib/AndroidManifest.xml reason: use-sdk injection requested
INJECTED from GaragePool1/lib/AndroidManifest.xml
INJECTED from GaragePool1/lib/AndroidManifest.xml
INJECTED from GaragePool1/lib/AndroidManifest.xml
INJECTED from GaragePool1/lib/AndroidManifest.xml
	android:targetSdkVersion
		INJECTED from GaragePool1/lib/AndroidManifest.xml
		ADDED from GaragePool1/lib/AndroidManifest.xml
		INJECTED from GaragePool1/lib/AndroidManifest.xml
	android:minSdkVersion
		INJECTED from GaragePool1/lib/AndroidManifest.xml
		ADDED from GaragePool1/lib/AndroidManifest.xml
		INJECTED from GaragePool1/lib/AndroidManifest.xml